Build started 14/08/2015 06:31:27 p. m..
     1>Project "C:\Users\Carlos\Dropbox\Projects\Dissertation\ExampleCode\Git\CBSAstar\CBSAstar.vcxproj" on node 2 (Build target(s)).
     1>ClCompile:
         C:\Program Files (x86)\Microsoft Visual Studio 12.0\VC\bin\CL.exe /c /ZI /nologo /W3 /WX- /sdl /Od /Oy- /D WIN32 /D _DEBUG /D _CONSOLE /D _LIB /D _UNICODE /D UNICODE /Gm /EHsc /RTC1 /MDd /GS /fp:precise /Zc:wchar_t /Zc:forScope /Fo"Debug\\" /Fd"Debug\vc120.pdb" /Gd /TP /analyze- /errorReport:prompt Agent.cpp CBTNode.cpp ConstraintTree.cpp Location.cpp MAPF.cpp Map.cpp Menu.cpp Node.cpp
         Node.cpp
         Menu.cpp
         Map.cpp
         MAPF.cpp
     1>c:\users\carlos\dropbox\projects\dissertation\examplecode\git\cbsastar\mapf.cpp(580): error C2082: redefinition of formal parameter 'time_index'
     1>c:\users\carlos\dropbox\projects\dissertation\examplecode\git\cbsastar\mapf.cpp(616): error C2082: redefinition of formal parameter 'exit_index'
         Location.cpp
         ConstraintTree.cpp
         CBTNode.cpp
         Agent.cpp
         Generating Code...
     1>cl : Command line warning D9028: minimal rebuild failure, reverting to normal build
     1>Done Building Project "C:\Users\Carlos\Dropbox\Projects\Dissertation\ExampleCode\Git\CBSAstar\CBSAstar.vcxproj" (Build target(s)) -- FAILED.

Build FAILED.

Time Elapsed 00:00:17.93
